-------------------------------------------------------------------------------
Test set: ch.bbw.junit4.TestCalc
-------------------------------------------------------------------------------
Tests run: 1, Failures: 1, Errors: 0, Skipped: 0, Time elapsed: 0 s <<< FAILURE! - in ch.bbw.junit4.TestCalc
test  Time elapsed: 0 s  <<< FAILURE!
java.lang.AssertionError: Not yet implemented
	at ch.bbw.junit4.TestCalc.test(TestCalc.java:24)

