-------------------------------------------------------------------------------
Test set: ch.bbw.junit4.TestCalculator2
-------------------------------------------------------------------------------
Tests run: 1, Failures: 1, Errors: 0, Skipped: 0, Time elapsed: 0.001 s <<< FAILURE! - in ch.bbw.junit4.TestCalculator2
testAdd  Time elapsed: 0 s  <<< FAILURE!
java.lang.AssertionError: Not yet implemented
	at ch.bbw.junit4.TestCalculator2.testAdd(TestCalculator2.java:22)

