-------------------------------------------------------------------------------
Test set: ch.bbw.junit3.TestCalculator6
-------------------------------------------------------------------------------
Tests run: 1, Failures: 1, Errors: 0, Skipped: 0, Time elapsed: 0 s <<< FAILURE! - in ch.bbw.junit3.TestCalculator6
warning  Time elapsed: 0 s  <<< FAILURE!
junit.framework.AssertionFailedError: Test method isn't public: testHello(ch.bbw.junit3.TestCalculator6)
	at junit.framework.TestSuite$1.runTest(TestSuite.java:97)

