<?xml version="1.0" encoding="UTF-8"?>
<testsuite xmlns:xsi="http://www.w3.org/2001/XMLSchema-instance" xsi:noNamespaceSchemaLocation="https://maven.apache.org/surefire/maven-surefire-plugin/xsd/surefire-test-report.xsd" name="ch.bbw.junit5.CalculatorTest" time="0.038" tests="7" errors="0" skipped="0" failures="0">
  <properties>
[...]
</properties>
  <testcase name="testAdd" classname="ch.bbw.junit5.CalculatorTest" time="0.018"/>
  <testcase name="testMultiply" classname="ch.bbw.junit5.CalculatorTest" time="0"/>
  <testcase name="testMultiplyWithZero[1]" classname="ch.bbw.junit5.CalculatorTest" time="0.002"/>
  <testcase name="testMultiplyWithZero[2]" classname="ch.bbw.junit5.CalculatorTest" time="0.001"/>
  <testcase name="testMultiplyWithZero[3]" classname="ch.bbw.junit5.CalculatorTest" time="0"/>
  <testcase name="testMultiplyWithZero[4]" classname="ch.bbw.junit5.CalculatorTest" time="0"/>
  <testcase name="testMultiplyWithZero[5]" classname="ch.bbw.junit5.CalculatorTest" time="0.001"/>
</testsuite>